[debug] [2019-04-11T16:02:59.691Z] ----------------------------------------------------------------------
[debug] [2019-04-11T16:02:59.693Z] Command:       /Users/estevan/.nvm/versions/node/v11.10.0/bin/node /Users/estevan/.nvm/versions/node/v11.10.0/bin/firebase deploy
[debug] [2019-04-11T16:02:59.693Z] CLI Version:   6.5.2
[debug] [2019-04-11T16:02:59.694Z] Platform:      darwin
[debug] [2019-04-11T16:02:59.694Z] Node Version:  v11.10.0
[debug] [2019-04-11T16:02:59.694Z] Time:          Thu Apr 11 2019 09:02:59 GMT-0700 (Pacific Daylight Time)
[debug] [2019-04-11T16:02:59.694Z] ----------------------------------------------------------------------
[debug] 
[debug] [2019-04-11T16:02:59.706Z] > command requires scopes: ["email","openid","https://www.googleapis.com/auth/cloudplatformprojects.readonly","https://www.googleapis.com/auth/firebase","https://www.googleapis.com/auth/cloud-platform"]
[debug] [2019-04-11T16:02:59.706Z] > authorizing via signed-in user
[debug] [2019-04-11T16:02:59.706Z] [iam] checking project foodapp-12113 for permissions ["firebase.projects.get","firebasedatabase.instances.update","firebasehosting.sites.update"]
[debug] [2019-04-11T16:02:59.708Z] >>> HTTP REQUEST POST https://cloudresourcemanager.googleapis.com/v1/projects/foodapp-12113:testIamPermissions  

[debug] [2019-04-11T16:03:00.336Z] <<< HTTP RESPONSE 200
[debug] [2019-04-11T16:03:00.338Z] >>> HTTP REQUEST GET https://firebase.googleapis.com/v1beta1/projects/foodapp-12113  
 
[debug] [2019-04-11T16:03:01.009Z] <<< HTTP RESPONSE 200
[info] 
[info] === Deploying to 'foodapp-12113'...
[info] 
[info] i  deploying database, hosting
[info] i  database: checking rules syntax...
[debug] [2019-04-11T16:03:01.016Z] >>> HTTP REQUEST PUT https://foodapp-12113.firebaseio.com/.settings/rules.json?dryRun=true  
 {
  "rules": {
    "users": {
      "$user_id": {
        ".write": "$user_id === auth.uid",
        ".read": "$user_id === auth.uid"
      }
    }
  }
}

[debug] [2019-04-11T16:03:01.611Z] <<< HTTP RESPONSE 200
[info] ✔  database: rules syntax for database foodapp-12113 is valid
[debug] [2019-04-11T16:03:01.615Z] >>> HTTP REQUEST POST https://firebasehosting.googleapis.com/v1beta1/sites/foodapp-12113/versions  

[debug] [2019-04-11T16:03:02.658Z] <<< HTTP RESPONSE 200
[info] i  hosting[foodapp-12113]: beginning deploy...
[info] i  hosting[foodapp-12113]: found 607 files in .
[debug] [2019-04-11T16:03:02.763Z] [hosting] hash cache [] load error: lines is not defined
[debug] [2019-04-11T16:03:03.131Z] [hosting] hash cache [] stored for 607 files
[debug] [2019-04-11T16:03:03.131Z] [hosting][hash queue][FINAL]
[debug] [2019-04-11T16:03:03.131Z] >>> HTTP REQUEST POST https://firebasehosting.googleapis.com/v1beta1/sites/foodapp-12113/versions/a06b46ddbc324485:populateFiles  
 <request body omitted>
[debug] [2019-04-11T16:03:09.413Z] <<< HTTP RESPONSE 200
[debug] [2019-04-11T16:03:09.421Z] [hosting][populate queue][FINAL]
[debug] [2019-04-11T16:03:09.421Z] [hosting] uploads queued: 12
[debug] [2019-04-11T16:03:10.539Z] [hosting][upload] javascript/goal_save.js (ea17fbbda9ce2969f4f7142fa36f231e39bb6527ed61afb11f9b050ffa424719) HTTP ERROR 400 : { 'x-guploader-uploadid':
   'AEnB2Ur0BLRTfSBfq-n3eaRTyKsl6Spv5miFF9XKUrJnMr5JOK4NlMaJzxCUmeU3k4JTAre_kPqSypI3yVas-WhczKvgCO7PslHMvRuRc5XWxPrQQyXsb-w',
  'content-length': '37',
  date: 'Thu, 11 Apr 2019 16:03:10 GMT',
  server: 'UploadServer',
  'content-type': 'text/html; charset=UTF-8',
  'alt-svc': 'quic=":443"; ma=2592000; v="46,44,43,39"',
  connection: 'close' } Couldn't process request (status=400)
[debug] [2019-04-11T16:03:10.947Z] [uploadQueue] Retrying task ea17fbbda9ce2969f4f7142fa36f231e39bb6527ed61afb11f9b050ffa424719
[debug] [2019-04-11T16:03:11.988Z] [hosting][upload] javascript/goal_save.js (ea17fbbda9ce2969f4f7142fa36f231e39bb6527ed61afb11f9b050ffa424719) HTTP ERROR 400 : { 'x-guploader-uploadid':
   'AEnB2UpEUkgQJcBN5eHD-xiZ-CTQj4E5FOYe5oxcp8RmNVuCBRR99XykP2oLoRmqXqNEnU-8NCbivdGstH6HvXY70gMUFFkz6JekpY1aJnv8Jp4WbgBKCtA',
  'content-length': '37',
  date: 'Thu, 11 Apr 2019 16:03:11 GMT',
  server: 'UploadServer',
  'content-type': 'text/html; charset=UTF-8',
  'alt-svc': 'quic=":443"; ma=2592000; v="46,44,43,39"',
  connection: 'close' } Couldn't process request (status=400)
[debug] [2019-04-11T16:03:12.795Z] [uploadQueue] Retrying task ea17fbbda9ce2969f4f7142fa36f231e39bb6527ed61afb11f9b050ffa424719
[debug] [2019-04-11T16:03:14.122Z] [hosting][upload] javascript/goal_save.js (ea17fbbda9ce2969f4f7142fa36f231e39bb6527ed61afb11f9b050ffa424719) HTTP ERROR 400 : { 'x-guploader-uploadid':
   'AEnB2Uqley4Tc2nmF6XlRIeGsAfPNjIPlwXganP8YqLEqGe7V3LABSnTPj-ASEpCICZtbqlesDhw3gWrViPotaikCfl-9W4zRULlJ4u8HnAlGLEGZ4T7fFs',
  'content-length': '37',
  date: 'Thu, 11 Apr 2019 16:03:14 GMT',
  server: 'UploadServer',
  'content-type': 'text/html; charset=UTF-8',
  'alt-svc': 'quic=":443"; ma=2592000; v="46,44,43,39"',
  connection: 'close' } Couldn't process request (status=400)
[debug] [2019-04-11T16:03:15.728Z] [uploadQueue] Retrying task ea17fbbda9ce2969f4f7142fa36f231e39bb6527ed61afb11f9b050ffa424719
[debug] [2019-04-11T16:03:17.022Z] [hosting][upload] javascript/goal_save.js (ea17fbbda9ce2969f4f7142fa36f231e39bb6527ed61afb11f9b050ffa424719) HTTP ERROR 400 : { 'x-guploader-uploadid':
   'AEnB2Up_qv5q-Oigb1Qf-LypbElygAH8h_FwFcAAOYp2KnM9sJ-5SaziZLHTH-4bvDo2BWrHoBmHM8p9AVVSuqjLV0Eklg0oMLDiH8_n0XAM2Ublkq8-LJ0',
  'content-length': '37',
  date: 'Thu, 11 Apr 2019 16:03:17 GMT',
  server: 'UploadServer',
  'content-type': 'text/html; charset=UTF-8',
  'alt-svc': 'quic=":443"; ma=2592000; v="46,44,43,39"',
  connection: 'close' } Couldn't process request (status=400)
[debug] [2019-04-11T16:03:20.226Z] [uploadQueue] Retrying task ea17fbbda9ce2969f4f7142fa36f231e39bb6527ed61afb11f9b050ffa424719
[debug] [2019-04-11T16:03:21.496Z] [hosting][upload] javascript/goal_save.js (ea17fbbda9ce2969f4f7142fa36f231e39bb6527ed61afb11f9b050ffa424719) HTTP ERROR 400 : { 'x-guploader-uploadid':
   'AEnB2Uo5-fT-AOCldZV5QfzgdmDIDG2kLiG0vH-ftBOhxvUY7zazaihEyFdna_Fdw-Wfu1bsrScpPlLsnMCvBwKfSfrnOa_sgF7kF-8qqyMVGIYZ6xAV3iI',
  'content-length': '37',
  date: 'Thu, 11 Apr 2019 16:03:21 GMT',
  server: 'UploadServer',
  'content-type': 'text/html; charset=UTF-8',
  'alt-svc': 'quic=":443"; ma=2592000; v="46,44,43,39"',
  connection: 'close' } Couldn't process request (status=400)
[debug] [2019-04-11T16:03:27.898Z] [uploadQueue] Retrying task ea17fbbda9ce2969f4f7142fa36f231e39bb6527ed61afb11f9b050ffa424719
[debug] [2019-04-11T16:03:29.278Z] [hosting][upload] javascript/goal_save.js (ea17fbbda9ce2969f4f7142fa36f231e39bb6527ed61afb11f9b050ffa424719) HTTP ERROR 400 : { 'x-guploader-uploadid':
   'AEnB2UpImEYpKL9ri69wqKdf-7w14wHlTNJzvMkuNNccGHwXxH1T0r8zul4VnK8awnDl88mMybeenGhYdtHUndPOnd-6G3BO5GcixVY3IFTKytfFTybLZ7Q',
  'content-length': '37',
  date: 'Thu, 11 Apr 2019 16:03:29 GMT',
  server: 'UploadServer',
  'content-type': 'text/html; charset=UTF-8',
  'alt-svc': 'quic=":443"; ma=2592000; v="46,44,43,39"',
  connection: 'close' } Couldn't process request (status=400)
[debug] [2019-04-11T16:03:29.279Z] [uploadQueue] Retries exhausted for task ea17fbbda9ce2969f4f7142fa36f231e39bb6527ed61afb11f9b050ffa424719:
[debug] [2019-04-11T16:03:29.280Z] [hosting][upload queue][FINAL]
[debug] [2019-04-11T16:03:29.286Z] Error: Unexpected error while uploading file.
    at Request._callback (/Users/estevan/.nvm/versions/node/v11.10.0/lib/node_modules/firebase-tools/lib/deploy/hosting/uploader.js:197:39)
    at Request.self.callback (/Users/estevan/.nvm/versions/node/v11.10.0/lib/node_modules/firebase-tools/node_modules/request/request.js:185:22)
    at Request.emit (events.js:197:13)
    at Request.EventEmitter.emit (domain.js:446:20)
    at Request.<anonymous> (/Users/estevan/.nvm/versions/node/v11.10.0/lib/node_modules/firebase-tools/node_modules/request/request.js:1161:10)
    at Request.emit (events.js:197:13)
    at Request.EventEmitter.emit (domain.js:446:20)
    at IncomingMessage.<anonymous> (/Users/estevan/.nvm/versions/node/v11.10.0/lib/node_modules/firebase-tools/node_modules/request/request.js:1083:12)
    at Object.onceWrapper (events.js:285:13)
    at IncomingMessage.emit (events.js:202:15)
[error] 
[error] Error: An unexpected error has occurred.
